 
****************************************
Report : area
Design : P4_adder_NBIT32
Version: W-2024.09-SP2
Date   : Fri Apr  3 19:33:49 2026
****************************************

Library(s) Used:

    NangateOpenCellLibrary (File: /home/repository/do/libnandgate/NangateOpenCellLibrary_typical_ecsm.db)

Number of ports:                         1353
Number of nets:                          1914
Number of cells:                          745
Number of combinational cells:            594
Number of sequential cells:                 0
Number of macros/black boxes:               0
Number of buf/inv:                        176
Number of references:                       6

Combinational area:                671.117994
Buf/Inv area:                      107.730000
Noncombinational area:               0.000000
Macro/Black Box area:                0.000000
Net Interconnect area:      undefined  (Wire load has zero net area)

Total cell area:                   671.117994
Total area:                 undefined
1
