Information: Updating design information... (UID-85)
 
****************************************
Report : timing
        -path full
        -delay max
        -max_paths 1
Design : P4_adder_NBIT32
Version: W-2024.09-SP2
Date   : Fri Apr  3 19:33:49 2026
****************************************

Operating Conditions: typical   Library: NangateOpenCellLibrary
Wire Load Model Mode: top

  Startpoint: a[0] (input port)
  Endpoint: s[24] (output port)
  Path Group: default
  Path Type: max

  Des/Clust/Port     Wire Load Model       Library
  ------------------------------------------------
  P4_adder_NBIT32    5K_hvratio_1_1        NangateOpenCellLibrary

  Point                                                   Incr       Path
  --------------------------------------------------------------------------
  input external delay                                    0.00       0.00 f
  a[0] (in)                                               0.00       0.00 f
  carry_generation/a[0] (carry_generator_NBIT32_NBIT_PER_BLOCK4)
                                                          0.00       0.00 f
  carry_generation/pg_network/a[0] (pg_network_NBIT32)
                                                          0.00       0.00 f
  carry_generation/pg_network/U64/Z (XOR2_X1)             0.07       0.07 f
  carry_generation/pg_network/p[0] (pg_network_NBIT32)
                                                          0.00       0.07 f
  carry_generation/U3/ZN (AOI21_X1)                       0.04       0.11 r
  carry_generation/U4/ZN (INV_X1)                         0.02       0.13 f
  carry_generation/g0_1/k_1_j (g_block_0)                 0.00       0.13 f
  carry_generation/g0_1/U1/ZN (AOI21_X1)                  0.04       0.17 r
  carry_generation/g0_1/U2/ZN (INV_X1)                    0.02       0.19 f
  carry_generation/g0_1/Gij (g_block_0)                   0.00       0.19 f
  carry_generation/g12_2_3/k_1_j (g_block_8)              0.00       0.19 f
  carry_generation/g12_2_3/U1/ZN (AOI21_X1)               0.04       0.23 r
  carry_generation/g12_2_3/U2/ZN (INV_X1)                 0.02       0.26 f
  carry_generation/g12_2_3/Gij (g_block_8)                0.00       0.26 f
  carry_generation/g12_3_7/k_1_j (g_block_7)              0.00       0.26 f
  carry_generation/g12_3_7/U1/ZN (AOI21_X1)               0.04       0.30 r
  carry_generation/g12_3_7/U2/ZN (INV_X1)                 0.03       0.32 f
  carry_generation/g12_3_7/Gij (g_block_7)                0.00       0.32 f
  carry_generation/g_node_3_7_15/k_1_j (g_block_5)        0.00       0.32 f
  carry_generation/g_node_3_7_15/U2/ZN (NAND2_X1)         0.03       0.35 r
  carry_generation/g_node_3_7_15/U1/ZN (NAND2_X1)         0.04       0.39 f
  carry_generation/g_node_3_7_15/Gij (g_block_5)          0.00       0.39 f
  carry_generation/g_node_4_15_23/k_1_j (g_block_3)       0.00       0.39 f
  carry_generation/g_node_4_15_23/U2/ZN (AOI21_X1)        0.05       0.43 r
  carry_generation/g_node_4_15_23/U1/ZN (INV_X1)          0.03       0.47 f
  carry_generation/g_node_4_15_23/Gij (g_block_3)         0.00       0.47 f
  carry_generation/co[5] (carry_generator_NBIT32_NBIT_PER_BLOCK4)
                                                          0.00       0.47 f
  sum_generation/cin[6] (sum_generator_NBIT32_NBlocks8)
                                                          0.00       0.47 f
  sum_generation/blockN_6/cin (carry_select_block_NBIT4_2)
                                                          0.00       0.47 f
  sum_generation/blockN_6/sum_mux/Sel (mux_NBIT4_2)       0.00       0.47 f
  sum_generation/blockN_6/sum_mux/U1/Z (MUX2_X1)          0.06       0.53 r
  sum_generation/blockN_6/sum_mux/Y[0] (mux_NBIT4_2)      0.00       0.53 r
  sum_generation/blockN_6/s[0] (carry_select_block_NBIT4_2)
                                                          0.00       0.53 r
  sum_generation/s[24] (sum_generator_NBIT32_NBlocks8)
                                                          0.00       0.53 r
  s[24] (out)                                             0.00       0.53 r
  data arrival time                                                  0.53

  max_delay                                               0.49       0.49
  output external delay                                   0.00       0.49
  data required time                                                 0.49
  --------------------------------------------------------------------------
  data required time                                                 0.49
  data arrival time                                                 -0.53
  --------------------------------------------------------------------------
  slack (VIOLATED)                                                  -0.04


1
